<?xml version="1.0" encoding="UTF-8"?>
<testsuite xmlns:xsi="http://www.w3.org/2001/XMLSchema-instance" xsi:noNamespaceSchemaLocation="https://maven.apache.org/surefire/maven-surefire-plugin/xsd/surefire-test-report.xsd" name="uk.ac.ed.inf.DatabaseTest" time="3.516" tests="9" errors="0" skipped="0" failures="0">
  <properties>
[...]
</properties>
  <testcase name="testDeleteTable" classname="uk.ac.ed.inf.DatabaseTest" time="0.001"/>
  <testcase name="testCreateTable" classname="uk.ac.ed.inf.DatabaseTest" time="0.01"/>
  <testcase name="search" classname="uk.ac.ed.inf.DatabaseTest" time="0.107"/>
  <testcase name="testReadData" classname="uk.ac.ed.inf.DatabaseTest" time="0.006"/>
  <testcase name="t" classname="uk.ac.ed.inf.DatabaseTest" time="0.001"/>
  <testcase name="aaa" classname="uk.ac.ed.inf.DatabaseTest" time="0.229"/>
  <testcase name="ttt" classname="uk.ac.ed.inf.DatabaseTest" time="0"/>
  <testcase name="angle" classname="uk.ac.ed.inf.DatabaseTest" time="0"/>
  <testcase name="finalTest" classname="uk.ac.ed.inf.DatabaseTest" time="3.161"/>
</testsuite>